P1, 1, 08-19-2015  09:26:26

P1, 1, 08-19-2015  09:27:15

P1, 1, 08-20-2015  07:24:35

P1, 1, 08-20-2015  07:25:17

P2, 1, 12-04-2015  12:47:22

P2, 1, 12-04-2015  12:49:38

P2, 1, 12-04-2015  12:57:25

P2, 1, 12-04-2015  13:00:42

P2, 1, 12-04-2015  13:05:14

P2, 1, 12-04-2015  13:10:14

AA001.stk, 013-014311-1W6, 1, 09-06-2019  11:52:30
AA001.stk, 013-014311-1W61, 1, 09-06-2019  11:52:54
AA001.stk, 009-014311-1O6, 1, 09-06-2019  11:53:04
AA001.stk, 009-014311-1O61, 1, 09-06-2019  11:53:14
AA001.stk, 010-015364-1O7, 1, 09-06-2019  11:53:24
AA001.stk, 010-014364-1O7, 1, 09-06-2019  11:53:36
AA001.stk, 010-014364-1O71, 1, 09-06-2019  11:53:45
AA001.stk, 006-007707-1O1, 1, 09-06-2019  11:53:50
AA001.stk, 006-007707-1O11, 1, 09-06-2019  11:53:55

AA001.stk, 002-004924-3O1, 1, 09-06-2019  11:58:39
AA001.stk, 002-004924-3O1, 1, 09-06-2019  11:58:49
AA001.stk, 002-004924-3O1, 1, 09-06-2019  11:58:59
AA001.stk, 002-004924-3O1, 1, 09-06-2019  11:59:11
AA001.stk, 002-004924-3O11, 1, 09-06-2019  11:59:21
AA001.stk, 002-004924-3O11, 1, 09-06-2019  11:59:31
AA001.stk, 002-004924-3O11, 1, 09-06-2019  11:59:41
AA001.stk, 002-004924-3O11, 1, 09-06-2019  11:59:46

FORMATTEST.stk, 002-004924-3O1, 1, 09-06-2019  12:53:27
FORMATTEST.stk, 002-004924-3O1, 1, 09-06-2019  12:53:37
FORMATTEST.stk, 002-004924-3O1, 1, 09-06-2019  12:53:47
FORMATTEST.stk, 002-004924-3O1, 1, 09-06-2019  12:54:00
FORMATTEST.stk, 002-004924-3O11, 1, 09-06-2019  12:54:10
FORMATTEST.stk, 002-004924-3O11, 1, 09-06-2019  12:54:20
FORMATTEST.stk, 002-004924-3O11, 1, 09-06-2019  12:54:30
FORMATTEST.stk, 002-004924-3O11, 1, 09-06-2019  12:54:35

AA1001.stk, 005-014364-1M7, 1, 09-06-2019  13:07:30
AA1001.stk, 005-014364-1M71, 1, 09-06-2019  13:07:38
AA1001.stk, 001-007707-1M11, 1, 09-06-2019  13:07:50

4X3.5X.25.stk, 001-007707-1M11, 1, 09-06-2019  13:08:37
4X3.5X.25.stk, 005-014364-1M7, 1, 09-06-2019  13:08:45
4X3.5X.25.stk, 005-014364-1M71, 1, 09-06-2019  13:08:52

testing.stk, 004-014311-1M6, 1, 09-06-2019  13:48:46
testing.stk, 004-014311-1M61, 1, 09-06-2019  13:48:55

testing.stk, 004-014311-1M61, 1, 09-06-2019  13:51:38
testing.stk, 004-014311-1M61, 1, 09-06-2019  13:51:47

testing.stk, 004-014311-1M6, 1, 09-06-2019  13:55:53
testing.stk, 004-014311-1M61, 1, 09-06-2019  13:56:02

